<?xml version="1.0" encoding="UTF-8"?>
<robot generator="Robot 4.1.2 (Python 3.8.10 on linux)" generated="20211214 13:39:43.794" rpa="false" schemaversion="2">
<suite id="s1" name="Test" source="/home/aizad/PycharmProjects/Demo/test.robot">
<test id="s1-t1" name="Open Deriv">
<kw name="Login" library="task1">
<arg>${my_email}</arg>
<arg>${my_pw}</arg>
<kw name="Open Browser" library="SeleniumLibrary">
<arg>https://app.deriv.com/</arg>
<arg>chrome</arg>
<doc>Opens a new browser instance to the optional ``url``.</doc>
<msg timestamp="20211214 13:39:43.878" level="INFO">Opening browser 'chrome' to base url 'https://app.deriv.com/'.</msg>
<status status="PASS" starttime="20211214 13:39:43.878" endtime="20211214 13:39:55.277"/>
</kw>
<kw name="Maximize Browser Window" library="SeleniumLibrary">
<doc>Maximizes current browser window.</doc>
<status status="PASS" starttime="20211214 13:39:55.277" endtime="20211214 13:39:55.429"/>
</kw>
<kw name="Wait Until Page Does Not Contain Element" library="SeleniumLibrary">
<arg>dt_core_header_acc-info-preloader</arg>
<arg>60</arg>
<doc>Waits until the element ``locator`` disappears from the current page.</doc>
<status status="PASS" starttime="20211214 13:39:55.429" endtime="20211214 13:39:55.477"/>
</kw>
<kw name="Click Element" library="SeleniumLibrary">
<arg>${login_btn}</arg>
<doc>Click the element identified by ``locator``.</doc>
<msg timestamp="20211214 13:39:55.477" level="INFO">Clicking element 'dt_login_button'.</msg>
<status status="PASS" starttime="20211214 13:39:55.477" endtime="20211214 13:39:55.549"/>
</kw>
<kw name="Wait Until Page Contains Element" library="SeleniumLibrary">
<arg>${email_field}</arg>
<arg>15</arg>
<doc>Waits until the element ``locator`` appears on the current page.</doc>
<status status="PASS" starttime="20211214 13:39:55.550" endtime="20211214 13:39:58.331"/>
</kw>
<kw name="Input Text" library="SeleniumLibrary">
<arg>${email_field}</arg>
<arg>${my_email}</arg>
<doc>Types the given ``text`` into the text field identified by ``locator``.</doc>
<msg timestamp="20211214 13:39:58.331" level="INFO">Typing text 'aizad@besquare.com.my' into text field 'name=email'.</msg>
<status status="PASS" starttime="20211214 13:39:58.331" endtime="20211214 13:39:58.384"/>
</kw>
<kw name="Input Text" library="SeleniumLibrary">
<arg>${password_field}</arg>
<arg>${my_pw}</arg>
<doc>Types the given ``text`` into the text field identified by ``locator``.</doc>
<msg timestamp="20211214 13:39:58.384" level="INFO">Typing text 'Clover@32' into text field 'name=password'.</msg>
<status status="PASS" starttime="20211214 13:39:58.384" endtime="20211214 13:39:58.430"/>
</kw>
<kw name="Click Element" library="SeleniumLibrary">
<arg>${login_auth_btn}</arg>
<doc>Click the element identified by ``locator``.</doc>
<msg timestamp="20211214 13:39:58.431" level="INFO">Clicking element 'name=login'.</msg>
<status status="PASS" starttime="20211214 13:39:58.431" endtime="20211214 13:40:00.851"/>
</kw>
<status status="PASS" starttime="20211214 13:39:43.877" endtime="20211214 13:40:00.851"/>
</kw>
<kw name="Switch VRTC" library="task1">
<kw name="Wait Until Page Does Not Contain Element" library="SeleniumLibrary">
<arg>dt_core_header_acc-info-preloader</arg>
<arg>60</arg>
<doc>Waits until the element ``locator`` disappears from the current page.</doc>
<status status="PASS" starttime="20211214 13:40:00.852" endtime="20211214 13:40:04.721"/>
</kw>
<kw name="Click Element" library="SeleniumLibrary">
<arg>//*[@id="dt_core_account-info_acc-info"]</arg>
<doc>Click the element identified by ``locator``.</doc>
<msg timestamp="20211214 13:40:04.721" level="INFO">Clicking element '//*[@id="dt_core_account-info_acc-info"]'.</msg>
<status status="PASS" starttime="20211214 13:40:04.721" endtime="20211214 13:40:04.804"/>
</kw>
<kw name="Click Element" library="SeleniumLibrary">
<arg>dt_core_account-switcher_demo-tab</arg>
<doc>Click the element identified by ``locator``.</doc>
<msg timestamp="20211214 13:40:04.805" level="INFO">Clicking element 'dt_core_account-switcher_demo-tab'.</msg>
<status status="PASS" starttime="20211214 13:40:04.804" endtime="20211214 13:40:04.872"/>
</kw>
<kw name="Click Element" library="SeleniumLibrary">
<arg>//*[contains(@id,"dt_VRTC")]</arg>
<doc>Click the element identified by ``locator``.</doc>
<msg timestamp="20211214 13:40:04.872" level="INFO">Clicking element '//*[contains(@id,"dt_VRTC")]'.</msg>
<status status="PASS" starttime="20211214 13:40:04.872" endtime="20211214 13:40:04.970"/>
</kw>
<status status="PASS" starttime="20211214 13:40:00.851" endtime="20211214 13:40:04.970"/>
</kw>
<kw name="Buy Rise Contract" library="task2">
<kw name="Reload Page" library="SeleniumLibrary">
<doc>Simulates user reloading page.</doc>
<status status="PASS" starttime="20211214 13:40:04.971" endtime="20211214 13:40:04.978"/>
</kw>
<kw name="Wait Until Page Does Not Contain Element" library="SeleniumLibrary">
<arg>//*[@class="chart-container__loader"]</arg>
<arg>60</arg>
<doc>Waits until the element ``locator`` disappears from the current page.</doc>
<status status="PASS" starttime="20211214 13:40:04.978" endtime="20211214 13:40:10.609"/>
</kw>
<kw name="Click Element" library="SeleniumLibrary">
<arg>//*[@id="trade"]/div/div[1]/div/div/div[1]/div[1]/div/div[1]/div</arg>
<doc>Click the element identified by ``locator``.</doc>
<msg timestamp="20211214 13:40:10.610" level="INFO">Clicking element '//*[@id="trade"]/div/div[1]/div/div/div[1]/div[1]/div/div[1]/div'.</msg>
<status status="PASS" starttime="20211214 13:40:10.610" endtime="20211214 13:40:10.787"/>
</kw>
<kw name="Click Element" library="SeleniumLibrary">
<arg>//*[@id="trade"]/div/div[1]/div/div/div[1]/div[1]/div/div[2]/div/div/div[1]/div[2]/div/div[2]</arg>
<doc>Click the element identified by ``locator``.</doc>
<msg timestamp="20211214 13:40:10.788" level="INFO">Clicking element '//*[@id="trade"]/div/div[1]/div/div/div[1]/div[1]/div/div[2]/div/div/div[1]/div[2]/div/div[2]'.</msg>
<status status="PASS" starttime="20211214 13:40:10.787" endtime="20211214 13:40:11.153"/>
</kw>
<kw name="Click Element" library="SeleniumLibrary">
<arg>//*[@id="trade"]/div/div[1]/div/div/div[1]/div[1]/div/div[2]/div/div/div[2]/div[2]/div/div[2]/div[1]/div[2]/div[1]</arg>
<doc>Click the element identified by ``locator``.</doc>
<msg timestamp="20211214 13:40:11.153" level="INFO">Clicking element '//*[@id="trade"]/div/div[1]/div/div/div[1]/div[1]/div/div[2]/div/div/div[2]/div[2]/div/div[2]/div[1]/div[2]/div[1]'.</msg>
<status status="PASS" starttime="20211214 13:40:11.153" endtime="20211214 13:40:11.255"/>
</kw>
<kw name="Wait Until Page Does Not Contain Element" library="SeleniumLibrary">
<arg>//*[@class="chart-container__loader"]</arg>
<arg>60</arg>
<doc>Waits until the element ``locator`` disappears from the current page.</doc>
<status status="PASS" starttime="20211214 13:40:11.255" endtime="20211214 13:40:14.328"/>
</kw>
<status status="PASS" starttime="20211214 13:40:04.970" endtime="20211214 13:40:14.328"/>
</kw>
<kw name="Buy Lower Contract" library="task3">
<kw name="Wait Until Page Does Not Contain Element" library="SeleniumLibrary">
<arg>//*[@class="chart-container__loader"]</arg>
<arg>60</arg>
<doc>Waits until the element ``locator`` disappears from the current page.</doc>
<status status="PASS" starttime="20211214 13:40:14.329" endtime="20211214 13:40:14.339"/>
</kw>
<kw name="Click Element" library="SeleniumLibrary">
<arg>//*[@class="cq-symbol-select-btn"]</arg>
<doc>Click the element identified by ``locator``.</doc>
<msg timestamp="20211214 13:40:14.340" level="INFO">Clicking element '//*[@class="cq-symbol-select-btn"]'.</msg>
<status status="PASS" starttime="20211214 13:40:14.339" endtime="20211214 13:40:14.382"/>
</kw>
<kw name="Click Element" library="SeleniumLibrary">
<arg>//*[@class="ic-icon ic-forex"]</arg>
<doc>Click the element identified by ``locator``.</doc>
<msg timestamp="20211214 13:40:14.382" level="INFO">Clicking element '//*[@class="ic-icon ic-forex"]'.</msg>
<status status="PASS" starttime="20211214 13:40:14.382" endtime="20211214 13:40:14.736"/>
</kw>
<kw name="Click Element" library="SeleniumLibrary">
<arg>//*[@class="ic-frx ic-frxAUDUSD"]</arg>
<doc>Click the element identified by ``locator``.</doc>
<msg timestamp="20211214 13:40:14.737" level="INFO">Clicking element '//*[@class="ic-frx ic-frxAUDUSD"]'.</msg>
<status status="PASS" starttime="20211214 13:40:14.736" endtime="20211214 13:40:14.907"/>
</kw>
<kw name="Wait Until Page Does Not Contain Element" library="SeleniumLibrary">
<arg>//*[@class="chart-container__loader"]</arg>
<arg>60</arg>
<doc>Waits until the element ``locator`` disappears from the current page.</doc>
<status status="PASS" starttime="20211214 13:40:14.907" endtime="20211214 13:40:16.198"/>
</kw>
<kw name="Click Element" library="SeleniumLibrary">
<arg>dt_contract_dropdown</arg>
<doc>Click the element identified by ``locator``.</doc>
<msg timestamp="20211214 13:40:16.199" level="INFO">Clicking element 'dt_contract_dropdown'.</msg>
<status status="PASS" starttime="20211214 13:40:16.199" endtime="20211214 13:40:16.242"/>
</kw>
<kw name="Click Element" library="SeleniumLibrary">
<arg>dt_contract_high_low_item</arg>
<doc>Click the element identified by ``locator``.</doc>
<msg timestamp="20211214 13:40:16.243" level="INFO">Clicking element 'dt_contract_high_low_item'.</msg>
<status status="PASS" starttime="20211214 13:40:16.243" endtime="20211214 13:40:16.681"/>
</kw>
<kw name="Wait Until Page Does Not Contain Element" library="SeleniumLibrary">
<arg>//*[@class="chart-container__loader"]</arg>
<arg>60</arg>
<doc>Waits until the element ``locator`` disappears from the current page.</doc>
<status status="PASS" starttime="20211214 13:40:16.681" endtime="20211214 13:40:16.754"/>
</kw>
<kw name="Click Element" library="SeleniumLibrary">
<arg>dt_simple_toggle</arg>
<doc>Click the element identified by ``locator``.</doc>
<msg timestamp="20211214 13:40:16.754" level="INFO">Clicking element 'dt_simple_toggle'.</msg>
<status status="PASS" starttime="20211214 13:40:16.754" endtime="20211214 13:40:16.810"/>
</kw>
<kw name="Press Keys" library="SeleniumLibrary">
<arg>name=duration</arg>
<arg>BACKSPACE</arg>
<doc>Simulates the user pressing key(s) to an element or on the active browser.</doc>
<msg timestamp="20211214 13:40:16.811" level="INFO">Sending key(s) ('BACKSPACE',) to name=duration element.</msg>
<msg timestamp="20211214 13:40:17.370" level="INFO">Pressing special key BACKSPACE to element.</msg>
<msg timestamp="20211214 13:40:17.370" level="INFO">Releasing special key BACKSPACE.</msg>
<status status="PASS" starttime="20211214 13:40:16.810" endtime="20211214 13:40:17.456"/>
</kw>
<kw name="Input Text" library="SeleniumLibrary">
<arg>name=duration</arg>
<arg>2</arg>
<doc>Types the given ``text`` into the text field identified by ``locator``.</doc>
<msg timestamp="20211214 13:40:17.457" level="INFO">Typing text '2' into text field 'name=duration'.</msg>
<status status="PASS" starttime="20211214 13:40:17.457" endtime="20211214 13:40:17.541"/>
</kw>
<kw name="Click Element" library="SeleniumLibrary">
<arg>dc_payout_toggle_item</arg>
<doc>Click the element identified by ``locator``.</doc>
<msg timestamp="20211214 13:40:17.542" level="INFO">Clicking element 'dc_payout_toggle_item'.</msg>
<status status="PASS" starttime="20211214 13:40:17.542" endtime="20211214 13:40:17.607"/>
</kw>
<kw name="Press Keys" library="SeleniumLibrary">
<arg>dt_amount_input</arg>
<arg>BACKSPACE</arg>
<doc>Simulates the user pressing key(s) to an element or on the active browser.</doc>
<msg timestamp="20211214 13:40:17.608" level="INFO">Sending key(s) ('BACKSPACE',) to dt_amount_input element.</msg>
<msg timestamp="20211214 13:40:17.908" level="INFO">Pressing special key BACKSPACE to element.</msg>
<msg timestamp="20211214 13:40:17.908" level="INFO">Releasing special key BACKSPACE.</msg>
<status status="PASS" starttime="20211214 13:40:17.607" endtime="20211214 13:40:17.928"/>
</kw>
<kw name="Input Text" library="SeleniumLibrary">
<arg>dt_amount_input</arg>
<arg>15.50</arg>
<doc>Types the given ``text`` into the text field identified by ``locator``.</doc>
<msg timestamp="20211214 13:40:17.928" level="INFO">Typing text '15.50' into text field 'dt_amount_input'.</msg>
<status status="PASS" starttime="20211214 13:40:17.928" endtime="20211214 13:40:18.076"/>
</kw>
<kw name="Wait Until Element Is Enabled" library="SeleniumLibrary">
<arg>dt_purchase_put_button</arg>
<doc>Waits until the element ``locator`` is enabled.</doc>
<status status="PASS" starttime="20211214 13:40:18.076" endtime="20211214 13:40:20.162"/>
</kw>
<kw name="Click Element" library="SeleniumLibrary">
<arg>dt_purchase_put_button</arg>
<doc>Click the element identified by ``locator``.</doc>
<msg timestamp="20211214 13:40:20.162" level="INFO">Clicking element 'dt_purchase_put_button'.</msg>
<status status="PASS" starttime="20211214 13:40:20.162" endtime="20211214 13:40:20.223"/>
</kw>
<status status="PASS" starttime="20211214 13:40:14.329" endtime="20211214 13:40:20.223"/>
</kw>
<kw name="Error Relative Barrier" library="task4">
<kw name="Wait Until Page Does Not Contain Element" library="SeleniumLibrary">
<arg>//*[@class="chart-container__loader"]</arg>
<arg>60</arg>
<doc>Waits until the element ``locator`` disappears from the current page.</doc>
<status status="PASS" starttime="20211214 13:40:20.225" endtime="20211214 13:40:20.232"/>
</kw>
<kw name="Click Element" library="SeleniumLibrary">
<arg>//*[@class="cq-symbol-select-btn"]</arg>
<doc>Click the element identified by ``locator``.</doc>
<msg timestamp="20211214 13:40:20.232" level="INFO">Clicking element '//*[@class="cq-symbol-select-btn"]'.</msg>
<status status="PASS" starttime="20211214 13:40:20.232" endtime="20211214 13:40:20.284"/>
</kw>
<kw name="Click Element" library="SeleniumLibrary">
<arg>//*[@class="ic-icon ic-forex"]</arg>
<doc>Click the element identified by ``locator``.</doc>
<msg timestamp="20211214 13:40:20.285" level="INFO">Clicking element '//*[@class="ic-icon ic-forex"]'.</msg>
<status status="PASS" starttime="20211214 13:40:20.284" endtime="20211214 13:40:20.661"/>
</kw>
<kw name="Click Element" library="SeleniumLibrary">
<arg>//*[@class="ic-frx ic-frxAUDUSD"]</arg>
<doc>Click the element identified by ``locator``.</doc>
<msg timestamp="20211214 13:40:20.662" level="INFO">Clicking element '//*[@class="ic-frx ic-frxAUDUSD"]'.</msg>
<status status="PASS" starttime="20211214 13:40:20.661" endtime="20211214 13:40:20.756"/>
</kw>
<kw name="Wait Until Page Does Not Contain Element" library="SeleniumLibrary">
<arg>//*[@class="chart-container__loader"]</arg>
<arg>60</arg>
<doc>Waits until the element ``locator`` disappears from the current page.</doc>
<status status="PASS" starttime="20211214 13:40:20.756" endtime="20211214 13:40:20.771"/>
</kw>
<kw name="Click Element" library="SeleniumLibrary">
<arg>dt_contract_dropdown</arg>
<doc>Click the element identified by ``locator``.</doc>
<msg timestamp="20211214 13:40:20.771" level="INFO">Clicking element 'dt_contract_dropdown'.</msg>
<status status="PASS" starttime="20211214 13:40:20.771" endtime="20211214 13:40:20.831"/>
</kw>
<kw name="Click Element" library="SeleniumLibrary">
<arg>dt_contract_high_low_item</arg>
<doc>Click the element identified by ``locator``.</doc>
<msg timestamp="20211214 13:40:20.833" level="INFO">Clicking element 'dt_contract_high_low_item'.</msg>
<status status="PASS" starttime="20211214 13:40:20.832" endtime="20211214 13:40:21.407"/>
</kw>
<kw name="Wait Until Page Does Not Contain Element" library="SeleniumLibrary">
<arg>//*[@class="chart-container__loader"]</arg>
<arg>60</arg>
<doc>Waits until the element ``locator`` disappears from the current page.</doc>
<status status="PASS" starttime="20211214 13:40:21.407" endtime="20211214 13:40:21.421"/>
</kw>
<kw name="Click Element" library="SeleniumLibrary">
<arg>dc_payout_toggle_item</arg>
<doc>Click the element identified by ``locator``.</doc>
<msg timestamp="20211214 13:40:21.421" level="INFO">Clicking element 'dc_payout_toggle_item'.</msg>
<status status="PASS" starttime="20211214 13:40:21.421" endtime="20211214 13:40:21.459"/>
</kw>
<kw name="Press Keys" library="SeleniumLibrary">
<arg>dt_barrier_1_input</arg>
<arg>BACKSPACE</arg>
<doc>Simulates the user pressing key(s) to an element or on the active browser.</doc>
<msg timestamp="20211214 13:40:21.460" level="INFO">Sending key(s) ('BACKSPACE',) to dt_barrier_1_input element.</msg>
<msg timestamp="20211214 13:40:21.777" level="INFO">Pressing special key BACKSPACE to element.</msg>
<msg timestamp="20211214 13:40:21.778" level="INFO">Releasing special key BACKSPACE.</msg>
<status status="PASS" starttime="20211214 13:40:21.459" endtime="20211214 13:40:21.807"/>
</kw>
<kw name="Input Text" library="SeleniumLibrary">
<arg>dt_barrier_1_input</arg>
<arg>-0.1</arg>
<doc>Types the given ``text`` into the text field identified by ``locator``.</doc>
<msg timestamp="20211214 13:40:21.808" level="INFO">Typing text '-0.1' into text field 'dt_barrier_1_input'.</msg>
<status status="PASS" starttime="20211214 13:40:21.807" endtime="20211214 13:40:21.955"/>
</kw>
<kw name="Element Should Be Disabled" library="SeleniumLibrary">
<arg>dt_purchase_put_button</arg>
<doc>Verifies that element identified by ``locator`` is disabled.</doc>
<status status="PASS" starttime="20211214 13:40:21.955" endtime="20211214 13:40:21.969"/>
</kw>
<status status="PASS" starttime="20211214 13:40:20.224" endtime="20211214 13:40:21.969"/>
</kw>
<kw name="Multiplier Contract" library="task5">
<kw name="Click Element" library="SeleniumLibrary">
<arg>dt_contract_dropdown</arg>
<doc>Click the element identified by ``locator``.</doc>
<msg timestamp="20211214 13:40:21.970" level="INFO">Clicking element 'dt_contract_dropdown'.</msg>
<status status="PASS" starttime="20211214 13:40:21.970" endtime="20211214 13:40:22.019"/>
</kw>
<kw name="Click Element" library="SeleniumLibrary">
<arg>dc_multipliers_link</arg>
<doc>Click the element identified by ``locator``.</doc>
<msg timestamp="20211214 13:40:22.019" level="INFO">Clicking element 'dc_multipliers_link'.</msg>
<status status="PASS" starttime="20211214 13:40:22.019" endtime="20211214 13:40:22.518"/>
</kw>
<kw name="Click Element" library="SeleniumLibrary">
<arg>dt_contract_multiplier_item</arg>
<doc>Click the element identified by ``locator``.</doc>
<msg timestamp="20211214 13:40:22.518" level="INFO">Clicking element 'dt_contract_multiplier_item'.</msg>
<status status="PASS" starttime="20211214 13:40:22.518" endtime="20211214 13:40:22.795"/>
</kw>
<kw name="Element Text Should Be" library="SeleniumLibrary">
<arg>//*[@class="trade-container__fieldset-info trade-container__fieldset-info--left"]</arg>
<arg>Stake</arg>
<doc>Verifies that element ``locator`` contains exact the text ``expected``.</doc>
<msg timestamp="20211214 13:40:22.797" level="INFO">Verifying element '//*[@class="trade-container__fieldset-info trade-container__fieldset-info--left"]' contains exact text 'Stake'.</msg>
<status status="PASS" starttime="20211214 13:40:22.795" endtime="20211214 13:40:22.828"/>
</kw>
<kw name="Click Element" library="SeleniumLibrary">
<arg>//*[@class="dc-text dc-checkbox__label take_profit-checkbox__label"]</arg>
<doc>Click the element identified by ``locator``.</doc>
<msg timestamp="20211214 13:40:22.830" level="INFO">Clicking element '//*[@class="dc-text dc-checkbox__label take_profit-checkbox__label"]'.</msg>
<status status="PASS" starttime="20211214 13:40:22.829" endtime="20211214 13:40:22.910"/>
</kw>
<kw name="Click Element" library="SeleniumLibrary">
<arg>//*[@class="dc-text dc-checkbox__label stop_loss-checkbox__label"]</arg>
<doc>Click the element identified by ``locator``.</doc>
<msg timestamp="20211214 13:40:22.910" level="INFO">Clicking element '//*[@class="dc-text dc-checkbox__label stop_loss-checkbox__label"]'.</msg>
<status status="PASS" starttime="20211214 13:40:22.910" endtime="20211214 13:40:23.014"/>
</kw>
<kw name="Checkbox Should Not Be Selected" library="SeleniumLibrary">
<arg>//*[@class="dc-text dc-checkbox__label"]</arg>
<doc>Verifies checkbox ``locator`` is not selected/checked.</doc>
<msg timestamp="20211214 13:40:23.015" level="INFO">Verifying checkbox '//*[@class="dc-text dc-checkbox__label"]' is not selected.</msg>
<kw name="Capture Page Screenshot" library="SeleniumLibrary">
<doc>Takes a screenshot of the current page and embeds it into a log file.</doc>
<msg timestamp="20211214 13:40:23.351" level="INFO" html="true">&lt;/td&gt;&lt;/tr&gt;&lt;tr&gt;&lt;td colspan="3"&gt;&lt;a href="selenium-screenshot-53.png"&gt;&lt;img src="selenium-screenshot-53.png" width="800px"&gt;&lt;/a&gt;</msg>
<status status="PASS" starttime="20211214 13:40:23.035" endtime="20211214 13:40:23.351"/>
</kw>
<msg timestamp="20211214 13:40:23.352" level="FAIL">Checkbox with locator '//*[@class="dc-text dc-checkbox__label"]' not found.</msg>
<status status="FAIL" starttime="20211214 13:40:23.015" endtime="20211214 13:40:23.352"/>
</kw>
<kw name="Click Element" library="SeleniumLibrary">
<arg>//*[@class="dc-text dc-checkbox__label"]</arg>
<doc>Click the element identified by ``locator``.</doc>
<status status="NOT RUN" starttime="20211214 13:40:23.352" endtime="20211214 13:40:23.352"/>
</kw>
<kw name="Checkbox Should Not Be Selected" library="SeleniumLibrary">
<arg>//*[@class="dc-text dc-checkbox__label take_profit-checkbox__label"]</arg>
<doc>Verifies checkbox ``locator`` is not selected/checked.</doc>
<status status="NOT RUN" starttime="20211214 13:40:23.352" endtime="20211214 13:40:23.352"/>
</kw>
<kw name="Checkbox Should Not Be Selected" library="SeleniumLibrary">
<arg>//*[@class="dc-text dc-checkbox__label stop_loss-checkbox__label"]</arg>
<doc>Verifies checkbox ``locator`` is not selected/checked.</doc>
<status status="NOT RUN" starttime="20211214 13:40:23.352" endtime="20211214 13:40:23.352"/>
</kw>
<status status="FAIL" starttime="20211214 13:40:21.969" endtime="20211214 13:40:23.352"/>
</kw>
<status status="FAIL" starttime="20211214 13:39:43.877" endtime="20211214 13:40:23.353">Checkbox with locator '//*[@class="dc-text dc-checkbox__label"]' not found.</status>
</test>
<status status="FAIL" starttime="20211214 13:39:43.795" endtime="20211214 13:40:23.353"/>
</suite>
<statistics>
<total>
<stat pass="0" fail="1" skip="0">All Tests</stat>
</total>
<tag>
</tag>
<suite>
<stat pass="0" fail="1" skip="0" id="s1" name="Test">Test</stat>
</suite>
</statistics>
<errors>
</errors>
</robot>
